Notifying browser that CSS file changed: resources/public/css/style.css
Compiling build :dev to "resources/public/js/compiled/ensorcel.js" from ["src/cljs"]...
[36m----  Compiler Warning on   resources/public/js/compiled/out/cognitect/transit.cljs   line:332  column:1  ----[0m

  [1muri? already refers to: cljs.core/uri? being replaced by: cognitect.transit/uri?[0m

  [36m328[0m  [36m  "Construct a URI from a string."[0m
  [36m329[0m  [36m  [s][0m
  [36m330[0m  [36m  (ty/uri s))[0m
  [36m331[0m  [36m[0m
  [33m332[0m  [1m(defn uri?[0m
  [0m   [0m  [33m^--- uri? already refers to: cljs.core/uri? being replaced by: cognitect.transit/uri?[0m
  [36m333[0m  [36m  "Returns true if x is a transit URI value, false otherwise."[0m
  [36m334[0m  [36m  [x][0m
  [36m335[0m  [36m  (ty/isURI x))[0m
  [36m336[0m  [36m[0m
  [36m337[0m  [36m(defn uuid[0m

[36m----  Compiler Warning : Please see resources/public/js/compiled/out/cognitect/transit.cljs  ----[0m
Compiling build :dev to "resources/public/js/compiled/ensorcel.js" from ["src/cljs"]...
[36m----  Compiler Warning on   src/cljs/ensorcel/core.cljs   line:30  column:48  ----[0m

  [1mUse of undeclared Var ensorcel.core/created[0m

  [36m26[0m  [36m                                     :method :GET[0m
  [36m27[0m  [36m                                     :returns ::thing}[0m
  [36m28[0m  [36m                        :new-thing  {:path "new-thing"[0m
  [36m29[0m  [36m                                     :method :POST[0m
  [33m30[0m  [1m                                     :response created[0m
  [0m  [0m  [33m                                               ^--- Use of undeclared Var ensorcel.core/created[0m
  [36m31[0m  [36m                                     :params ::thing}}}})[0m
  [36m32[0m  [36m[0m
  [36m33[0m  [36m(println "Hello")[0m

[36m----  Compiler Warning : Please see src/cljs/ensorcel/core.cljs  ----[0m
[32mSuccessfully compiled build :dev to "resources/public/js/compiled/ensorcel.js" in 0.656 seconds.[0m
notifying browser that file changed:  resources/public/js/compiled/out/goog/deps.js
notifying browser that file changed:  resources/public/js/compiled/out/cljs_deps.js
notifying browser that file changed:  resources/public/js/compiled/out/ensorcel/core.js
Compiling build :dev to "resources/public/js/compiled/ensorcel.js" from ["src/cljs"]...
[32mSuccessfully compiled build :dev to "resources/public/js/compiled/ensorcel.js" in 0.43 seconds.[0m
notifying browser that file changed:  resources/public/js/compiled/out/ensorcel/core.js
Compiling build :dev to "resources/public/js/compiled/ensorcel.js" from ["src/cljs"]...
[32mSuccessfully compiled build :dev to "resources/public/js/compiled/ensorcel.js" in 0.451 seconds.[0m
notifying browser that file changed:  resources/public/js/compiled/out/ensorcel/core.js
Compiling build :dev to "resources/public/js/compiled/ensorcel.js" from ["src/cljs"]...
[36m----  Compiler Warning on   src/cljs/ensorcel/core.cljs   line:43  column:28  ----[0m

  [1mUse of undeclared Var ensorcel.core/opts[0m

  [36m39[0m  [36m(defn assemble-call[0m
  [36m40[0m  [36m  [{:keys [path method body]}][0m
  [36m41[0m  [36m  (let [opts (cond-> {} body (assoc :json-params body))] (case method[0m
  [36m42[0m  [36m    :GET http/get[0m
  [33m43[0m  [1m    :POST http/post)) path opts)[0m
  [0m  [0m  [33m                           ^--- Use of undeclared Var ensorcel.core/opts[0m
  [36m44[0m  [36m[0m
  [36m45[0m  [36m(defn endpoint[0m
  [36m46[0m  [36m  [{:keys [path method params]}][0m
  [36m47[0m  [36m[0m
  [36m48[0m  [36m  )[0m

[36m----  Compiler Warning : Please see src/cljs/ensorcel/core.cljs  ----[0m
[32mSuccessfully compiled build :dev to "resources/public/js/compiled/ensorcel.js" in 0.43 seconds.[0m
notifying browser that file changed:  resources/public/js/compiled/out/ensorcel/core.js
Compiling build :dev to "resources/public/js/compiled/ensorcel.js" from ["src/cljs"]...
[36m----  Compiler Warning on   src/cljs/ensorcel/core.cljs   line:43  column:28  ----[0m

  [1mUse of undeclared Var ensorcel.core/opts[0m

  [36m39[0m  [36m(defn assemble-call[0m
  [36m40[0m  [36m  [{:keys [path method body]}][0m
  [36m41[0m  [36m  (let [opts (cond-> {} (map? body) (assoc :json-params body))] (case method[0m
  [36m42[0m  [36m    :GET http/get[0m
  [33m43[0m  [1m    :POST http/post)) path opts)[0m
  [0m  [0m  [33m                           ^--- Use of undeclared Var ensorcel.core/opts[0m
  [36m44[0m  [36m[0m
  [36m45[0m  [36m(defn endpoint[0m
  [36m46[0m  [36m  [{:keys [path method params]}][0m
  [36m47[0m  [36m[0m
  [36m48[0m  [36m  )[0m

[36m----  Compiler Warning : Please see src/cljs/ensorcel/core.cljs  ----[0m
[32mSuccessfully compiled build :dev to "resources/public/js/compiled/ensorcel.js" in 0.394 seconds.[0m
notifying browser that file changed:  resources/public/js/compiled/out/ensorcel/core.js
Compiling build :dev to "resources/public/js/compiled/ensorcel.js" from ["src/cljs"]...
[36m----  Compiler Warning on   src/cljs/ensorcel/core.cljs   line:44  column:30  ----[0m

  [1mUse of undeclared Var ensorcel.core/opts[0m

  [36m40[0m  [36m  [{:keys [path method body]}][0m
  [36m41[0m  [36m  (let [opts (cond-> {} (map? body) (assoc :json-params body))][0m
  [36m42[0m  [36m    (case method[0m
  [36m43[0m  [36m      :GET http/get[0m
  [33m44[0m  [1m      :POST http/post)) path opts)[0m
  [0m  [0m  [33m                             ^--- Use of undeclared Var ensorcel.core/opts[0m
  [36m45[0m  [36m[0m
  [36m46[0m  [36m(defn endpoint[0m
  [36m47[0m  [36m  [{:keys [path method params]}][0m
  [36m48[0m  [36m[0m
  [36m49[0m  [36m  )[0m

[36m----  Compiler Warning : Please see src/cljs/ensorcel/core.cljs  ----[0m
[32mSuccessfully compiled build :dev to "resources/public/js/compiled/ensorcel.js" in 0.403 seconds.[0m
notifying browser that file changed:  resources/public/js/compiled/out/ensorcel/core.js
Compiling build :dev to "resources/public/js/compiled/ensorcel.js" from ["src/cljs"]...
[32mSuccessfully compiled build :dev to "resources/public/js/compiled/ensorcel.js" in 0.371 seconds.[0m
notifying browser that file changed:  resources/public/js/compiled/out/ensorcel/core.js
Compiling build :dev to "resources/public/js/compiled/ensorcel.js" from ["src/cljs"]...
[31mFailed to compile build :dev from ["src/cljs"] in 0.213 seconds.[0m
[36m----  Could not Analyze  src/cljs/ensorcel/core.cljs   line:48  column:14  ----[0m

  [1mAssert failed: (even? (count clauses))[0m

  [36m46[0m  [36m(defn endpoint[0m
  [36m47[0m  [36m  [base-url {:keys [path method params] :as spec}][0m
  [33m48[0m  [1m  (let [path (cond-> path (vector? path) )] (assoc spec :path (str base-url "/" path)))[0m
  [0m  [0m  [33m             ^--- Assert failed: (even? (count clauses))[0m
  [36m49[0m  [36m  )[0m
  [36m50[0m  [36m[0m
  [36m51[0m  [36m(defn conjure[0m

[36m----  Analysis Error : Please see src/cljs/ensorcel/core.cljs  ----[0m
Compiling build :dev to "resources/public/js/compiled/ensorcel.js" from ["src/cljs"]...
[31mFailed to compile build :dev from ["src/cljs"] in 0.221 seconds.[0m
[36m----  Could not Analyze  src/cljs/ensorcel/core.cljs   line:50  column:14  ----[0m

  [1mAssert failed: (even? (count clauses))[0m

  [36m48[0m  [36m(defn endpoint[0m
  [36m49[0m  [36m  [base-url {:keys [path method params] :as spec}][0m
  [33m50[0m  [1m  (let [path (cond-> path (vector? path) )] (assoc spec :path (str base-url "/" path)))[0m
  [0m  [0m  [33m             ^--- Assert failed: (even? (count clauses))[0m
  [36m51[0m  [36m  )[0m
  [36m52[0m  [36m[0m
  [36m53[0m  [36m(defn conjure[0m

[36m----  Analysis Error : Please see src/cljs/ensorcel/core.cljs  ----[0m
Compiling build :dev to "resources/public/js/compiled/ensorcel.js" from ["src/cljs"]...
[31mFailed to compile build :dev from ["src/cljs"] in 0.211 seconds.[0m
[36m----  Could not Analyze  src/cljs/ensorcel/core.cljs   line:50  column:14  ----[0m

  [1mAssert failed: (even? (count clauses))[0m

  [36m48[0m  [36m(defn endpoint[0m
  [36m49[0m  [36m  [base-url {:keys [path method params] :as spec}][0m
  [33m50[0m  [1m  (let [path (cond-> path (vector? path) )] (assoc spec :path (str base-url "/" path)))[0m
  [0m  [0m  [33m             ^--- Assert failed: (even? (count clauses))[0m
  [36m51[0m  [36m  )[0m
  [36m52[0m  [36m[0m
  [36m53[0m  [36m(defn conjure[0m

[36m----  Analysis Error : Please see src/cljs/ensorcel/core.cljs  ----[0m
Compiling build :dev to "resources/public/js/compiled/ensorcel.js" from ["src/cljs"]...
[31mFailed to compile build :dev from ["src/cljs"] in 0.209 seconds.[0m
[36m----  Could not Analyze  src/cljs/ensorcel/core.cljs   line:50  column:14  ----[0m

  [1mAssert failed: (even? (count clauses))[0m

  [36m48[0m  [36m(defn endpoint[0m
  [36m49[0m  [36m  [base-url {:keys [path method params] :as spec}][0m
  [33m50[0m  [1m  (let [path (cond-> path (vector? path) )] (assoc spec :path (str base-url "/" path)))[0m
  [0m  [0m  [33m             ^--- Assert failed: (even? (count clauses))[0m
  [36m51[0m  [36m  )[0m
  [36m52[0m  [36m[0m
  [36m53[0m  [36m(defn conjure[0m

[36m----  Analysis Error : Please see src/cljs/ensorcel/core.cljs  ----[0m
Compiling build :dev to "resources/public/js/compiled/ensorcel.js" from ["src/cljs"]...
[36m----  Compiler Warning on   src/cljs/ensorcel/core.cljs   line:51  column:6  ----[0m

  [1mUse of undeclared Var ensorcel.core/pass[0m

  [36m48[0m  [36m(defn path-fn[0m
  [36m49[0m  [36m  [path][0m
  [36m50[0m  [36m  (if (vector? path)[0m
  [33m51[0m  [1m    (pass)[0m
  [0m  [0m  [33m     ^--- Use of undeclared Var ensorcel.core/pass[0m
  [36m52[0m  [36m    (constantly path)[0m
  [36m53[0m  [36m    )[0m
  [36m54[0m  [36m  )[0m
  [36m55[0m  [36m[0m
  [36m56[0m  [36m(defn endpoint[0m

[36m----  Compiler Warning : Please see src/cljs/ensorcel/core.cljs  ----[0m
[31mFailed to compile build :dev from ["src/cljs"] in 0.238 seconds.[0m
[36m----  Could not Analyze  src/cljs/ensorcel/core.cljs   line:58  column:14  ----[0m

  [1mAssert failed: (even? (count clauses))[0m

  [36m56[0m  [36m(defn endpoint[0m
  [36m57[0m  [36m  [base-url {:keys [path method params] :as spec}][0m
  [33m58[0m  [1m  (let [path (cond-> path (vector? path) )] (assoc spec :path (str base-url "/" path)))[0m
  [0m  [0m  [33m             ^--- Assert failed: (even? (count clauses))[0m
  [36m59[0m  [36m  )[0m
  [36m60[0m  [36m[0m
  [36m61[0m  [36m(defn conjure[0m

[36m----  Analysis Error : Please see src/cljs/ensorcel/core.cljs  ----[0m
Compiling build :dev to "resources/public/js/compiled/ensorcel.js" from ["src/cljs"]...
[31mFailed to compile build :dev from ["src/cljs"] in 0.238 seconds.[0m
[36m----  Could not Analyze  src/cljs/ensorcel/core.cljs   line:63  column:14  ----[0m

  [1mAssert failed: (even? (count clauses))[0m

  [36m61[0m  [36m(defn endpoint[0m
  [36m62[0m  [36m  [base-url {:keys [path method params] :as spec}][0m
  [33m63[0m  [1m  (let [path (cond-> path (vector? path) )] (assoc spec :path (str base-url "/" path)))[0m
  [0m  [0m  [33m             ^--- Assert failed: (even? (count clauses))[0m
  [36m64[0m  [36m  )[0m
  [36m65[0m  [36m[0m
  [36m66[0m  [36m(defn conjure[0m

[36m----  Analysis Error : Please see src/cljs/ensorcel/core.cljs  ----[0m
Compiling build :dev to "resources/public/js/compiled/ensorcel.js" from ["src/cljs"]...
[31mFailed to compile build :dev from ["src/cljs"] in 0.201 seconds.[0m
[36m----  Could not Analyze  src/cljs/ensorcel/core.cljs  ----[0m

  [1mNo such namespace: spec-tools.core, could not locate spec_tools/core.cljs, spec_tools/core.cljc, or JavaScript source providing "spec-tools.core" [0m

[36m----  Analysis Error : Please see src/cljs/ensorcel/core.cljs  ----[0m
Compiling build :dev to "resources/public/js/compiled/ensorcel.js" from ["src/cljs"]...
[31mFailed to compile build :dev from ["src/cljs"] in 0.213 seconds.[0m
[36m----  Could not Analyze  src/cljs/ensorcel/core.cljs  ----[0m

  [1mNo such namespace: spec-tools.core, could not locate spec_tools/core.cljs, spec_tools/core.cljc, or JavaScript source providing "spec-tools.core" [0m

[36m----  Analysis Error : Please see src/cljs/ensorcel/core.cljs  ----[0m
Compiling build :dev to "resources/public/js/compiled/ensorcel.js" from ["src/cljs"]...
[31mFailed to compile build :dev from ["src/cljs"] in 0.195 seconds.[0m
[36m----  Could not Analyze  src/cljs/ensorcel/core.cljs  ----[0m

  [1mNo such namespace: spec-tools.core, could not locate spec_tools/core.cljs, spec_tools/core.cljc, or JavaScript source providing "spec-tools.core" [0m

[36m----  Analysis Error : Please see src/cljs/ensorcel/core.cljs  ----[0m
Compiling build :dev to "resources/public/js/compiled/ensorcel.js" from ["src/cljs"]...
[31mFailed to compile build :dev from ["src/cljs"] in 0.2 seconds.[0m
[36m----  Could not Analyze  src/cljs/ensorcel/core.cljs  ----[0m

  [1mNo such namespace: spec-tools.core, could not locate spec_tools/core.cljs, spec_tools/core.cljc, or JavaScript source providing "spec-tools.core" [0m

[36m----  Analysis Error : Please see src/cljs/ensorcel/core.cljs  ----[0m
Compiling build :dev to "resources/public/js/compiled/ensorcel.js" from ["src/cljs"]...
[31mFailed to compile build :dev from ["src/cljs"] in 0.193 seconds.[0m
[36m----  Could not Analyze  src/cljs/ensorcel/core.cljs  ----[0m

  [1mNo such namespace: spec-tools.core, could not locate spec_tools/core.cljs, spec_tools/core.cljc, or JavaScript source providing "spec-tools.core" [0m

[36m----  Analysis Error : Please see src/cljs/ensorcel/core.cljs  ----[0m
Compiling build :dev to "resources/public/js/compiled/ensorcel.js" from ["src/cljs"]...
[31mFailed to compile build :dev from ["src/cljs"] in 0.209 seconds.[0m
[36m----  Could not Analyze  src/cljs/ensorcel/core.cljs  ----[0m

  [1mNo such namespace: spec-tools.core, could not locate spec_tools/core.cljs, spec_tools/core.cljc, or JavaScript source providing "spec-tools.core" [0m

[36m----  Analysis Error : Please see src/cljs/ensorcel/core.cljs  ----[0m
Compiling build :dev to "resources/public/js/compiled/ensorcel.js" from ["src/cljs"]...
[31mFailed to compile build :dev from ["src/cljs"] in 0.194 seconds.[0m
[36m----  Could not Analyze  src/cljs/ensorcel/core.cljs  ----[0m

  [1mNo such namespace: spec-tools.core, could not locate spec_tools/core.cljs, spec_tools/core.cljc, or JavaScript source providing "spec-tools.core" [0m

[36m----  Analysis Error : Please see src/cljs/ensorcel/core.cljs  ----[0m
Compiling build :dev to "resources/public/js/compiled/ensorcel.js" from ["src/cljs"]...
[32mSuccessfully compiled build :dev to "resources/public/js/compiled/ensorcel.js" in 0.654 seconds.[0m
notifying browser that file changed:  resources/public/js/compiled/out/goog/deps.js
notifying browser that file changed:  resources/public/js/compiled/out/cljs_deps.js
notifying browser that file changed:  resources/public/js/compiled/out/ensorcel/core.js
Compiling build :dev to "resources/public/js/compiled/ensorcel.js" from ["src/cljs"]...
[32mSuccessfully compiled build :dev to "resources/public/js/compiled/ensorcel.js" in 0.524 seconds.[0m
notifying browser that file changed:  resources/public/js/compiled/out/ensorcel/core.js
Compiling build :dev to "resources/public/js/compiled/ensorcel.js" from ["src/cljs"]...
[32mSuccessfully compiled build :dev to "resources/public/js/compiled/ensorcel.js" in 0.455 seconds.[0m
notifying browser that file changed:  resources/public/js/compiled/out/ensorcel/core.js
Compiling build :dev to "resources/public/js/compiled/ensorcel.js" from ["src/cljs"]...
[32mSuccessfully compiled build :dev to "resources/public/js/compiled/ensorcel.js" in 0.491 seconds.[0m
notifying browser that file changed:  resources/public/js/compiled/out/ensorcel/core.js
Compiling build :dev to "resources/public/js/compiled/ensorcel.js" from ["src/cljs"]...
[32mSuccessfully compiled build :dev to "resources/public/js/compiled/ensorcel.js" in 0.482 seconds.[0m
notifying browser that file changed:  resources/public/js/compiled/out/ensorcel/core.js
Compiling build :dev to "resources/public/js/compiled/ensorcel.js" from ["src/cljs"]...
[32mSuccessfully compiled build :dev to "resources/public/js/compiled/ensorcel.js" in 0.511 seconds.[0m
notifying browser that file changed:  resources/public/js/compiled/out/ensorcel/core.js
Compiling build :dev to "resources/public/js/compiled/ensorcel.js" from ["src/cljs"]...
[32mSuccessfully compiled build :dev to "resources/public/js/compiled/ensorcel.js" in 0.436 seconds.[0m
notifying browser that file changed:  resources/public/js/compiled/out/ensorcel/core.js
Compiling build :dev to "resources/public/js/compiled/ensorcel.js" from ["src/cljs"]...
[32mSuccessfully compiled build :dev to "resources/public/js/compiled/ensorcel.js" in 0.451 seconds.[0m
notifying browser that file changed:  resources/public/js/compiled/out/ensorcel/core.js
Compiling build :dev to "resources/public/js/compiled/ensorcel.js" from ["src/cljs"]...
[32mSuccessfully compiled build :dev to "resources/public/js/compiled/ensorcel.js" in 0.432 seconds.[0m
notifying browser that file changed:  resources/public/js/compiled/out/ensorcel/core.js
Compiling build :dev to "resources/public/js/compiled/ensorcel.js" from ["src/cljs"]...
[32mSuccessfully compiled build :dev to "resources/public/js/compiled/ensorcel.js" in 0.439 seconds.[0m
notifying browser that file changed:  resources/public/js/compiled/out/ensorcel/core.js
Compiling build :dev to "resources/public/js/compiled/ensorcel.js" from ["src/cljs"]...
[32mSuccessfully compiled build :dev to "resources/public/js/compiled/ensorcel.js" in 0.442 seconds.[0m
notifying browser that file changed:  resources/public/js/compiled/out/ensorcel/core.js
Compiling build :dev to "resources/public/js/compiled/ensorcel.js" from ["src/cljs"]...
[32mSuccessfully compiled build :dev to "resources/public/js/compiled/ensorcel.js" in 0.45 seconds.[0m
notifying browser that file changed:  resources/public/js/compiled/out/ensorcel/core.js
Compiling build :dev to "resources/public/js/compiled/ensorcel.js" from ["src/cljs"]...
[32mSuccessfully compiled build :dev to "resources/public/js/compiled/ensorcel.js" in 0.42 seconds.[0m
notifying browser that file changed:  resources/public/js/compiled/out/ensorcel/core.js
Compiling build :dev to "resources/public/js/compiled/ensorcel.js" from ["src/cljs"]...
[32mSuccessfully compiled build :dev to "resources/public/js/compiled/ensorcel.js" in 0.483 seconds.[0m
notifying browser that file changed:  resources/public/js/compiled/out/ensorcel/core.js
Compiling build :dev to "resources/public/js/compiled/ensorcel.js" from ["src/cljs"]...
[32mSuccessfully compiled build :dev to "resources/public/js/compiled/ensorcel.js" in 0.428 seconds.[0m
notifying browser that file changed:  resources/public/js/compiled/out/ensorcel/core.js
Compiling build :dev to "resources/public/js/compiled/ensorcel.js" from ["src/cljs"]...
[32mSuccessfully compiled build :dev to "resources/public/js/compiled/ensorcel.js" in 0.419 seconds.[0m
notifying browser that file changed:  resources/public/js/compiled/out/ensorcel/core.js
Compiling build :dev to "resources/public/js/compiled/ensorcel.js" from ["src/cljs"]...
[32mSuccessfully compiled build :dev to "resources/public/js/compiled/ensorcel.js" in 0.442 seconds.[0m
notifying browser that file changed:  resources/public/js/compiled/out/ensorcel/core.js
Compiling build :dev to "resources/public/js/compiled/ensorcel.js" from ["src/cljs"]...
[32mSuccessfully compiled build :dev to "resources/public/js/compiled/ensorcel.js" in 0.417 seconds.[0m
notifying browser that file changed:  resources/public/js/compiled/out/ensorcel/core.js
Compiling build :dev to "resources/public/js/compiled/ensorcel.js" from ["src/cljs"]...
[32mSuccessfully compiled build :dev to "resources/public/js/compiled/ensorcel.js" in 0.416 seconds.[0m
notifying browser that file changed:  resources/public/js/compiled/out/ensorcel/core.js
Compiling build :dev to "resources/public/js/compiled/ensorcel.js" from ["src/cljs"]...
[32mSuccessfully compiled build :dev to "resources/public/js/compiled/ensorcel.js" in 0.427 seconds.[0m
notifying browser that file changed:  resources/public/js/compiled/out/ensorcel/core.js
Compiling build :dev to "resources/public/js/compiled/ensorcel.js" from ["src/cljs"]...
[32mSuccessfully compiled build :dev to "resources/public/js/compiled/ensorcel.js" in 0.44 seconds.[0m
notifying browser that file changed:  resources/public/js/compiled/out/ensorcel/core.js
Compiling build :dev to "resources/public/js/compiled/ensorcel.js" from ["src/cljs"]...
[32mSuccessfully compiled build :dev to "resources/public/js/compiled/ensorcel.js" in 0.411 seconds.[0m
notifying browser that file changed:  resources/public/js/compiled/out/ensorcel/core.js
Compiling build :dev to "resources/public/js/compiled/ensorcel.js" from ["src/cljs"]...
[32mSuccessfully compiled build :dev to "resources/public/js/compiled/ensorcel.js" in 0.416 seconds.[0m
notifying browser that file changed:  resources/public/js/compiled/out/ensorcel/core.js
Compiling build :dev to "resources/public/js/compiled/ensorcel.js" from ["src/cljs"]...
[32mSuccessfully compiled build :dev to "resources/public/js/compiled/ensorcel.js" in 0.447 seconds.[0m
notifying browser that file changed:  resources/public/js/compiled/out/ensorcel/core.js
Compiling build :dev to "resources/public/js/compiled/ensorcel.js" from ["src/cljs"]...
[32mSuccessfully compiled build :dev to "resources/public/js/compiled/ensorcel.js" in 0.41 seconds.[0m
notifying browser that file changed:  resources/public/js/compiled/out/ensorcel/core.js
Compiling build :dev to "resources/public/js/compiled/ensorcel.js" from ["src/cljs"]...
[32mSuccessfully compiled build :dev to "resources/public/js/compiled/ensorcel.js" in 0.471 seconds.[0m
notifying browser that file changed:  resources/public/js/compiled/out/ensorcel/core.js
Compiling build :dev to "resources/public/js/compiled/ensorcel.js" from ["src/cljs"]...
[32mSuccessfully compiled build :dev to "resources/public/js/compiled/ensorcel.js" in 0.399 seconds.[0m
notifying browser that file changed:  resources/public/js/compiled/out/ensorcel/core.js
Compiling build :dev to "resources/public/js/compiled/ensorcel.js" from ["src/cljs"]...
[32mSuccessfully compiled build :dev to "resources/public/js/compiled/ensorcel.js" in 0.435 seconds.[0m
notifying browser that file changed:  resources/public/js/compiled/out/ensorcel/core.js
Compiling build :dev to "resources/public/js/compiled/ensorcel.js" from ["src/cljs"]...
[32mSuccessfully compiled build :dev to "resources/public/js/compiled/ensorcel.js" in 0.402 seconds.[0m
notifying browser that file changed:  resources/public/js/compiled/out/ensorcel/core.js
Compiling build :dev to "resources/public/js/compiled/ensorcel.js" from ["src/cljs"]...
[32mSuccessfully compiled build :dev to "resources/public/js/compiled/ensorcel.js" in 0.418 seconds.[0m
notifying browser that file changed:  resources/public/js/compiled/out/ensorcel/core.js
Compiling build :dev to "resources/public/js/compiled/ensorcel.js" from ["src/cljs"]...
[32mSuccessfully compiled build :dev to "resources/public/js/compiled/ensorcel.js" in 0.448 seconds.[0m
notifying browser that file changed:  resources/public/js/compiled/out/ensorcel/core.js
Compiling build :dev to "resources/public/js/compiled/ensorcel.js" from ["src/cljs"]...
[32mSuccessfully compiled build :dev to "resources/public/js/compiled/ensorcel.js" in 0.416 seconds.[0m
notifying browser that file changed:  resources/public/js/compiled/out/ensorcel/core.js
Compiling build :dev to "resources/public/js/compiled/ensorcel.js" from ["src/cljs"]...
[32mSuccessfully compiled build :dev to "resources/public/js/compiled/ensorcel.js" in 0.407 seconds.[0m
notifying browser that file changed:  resources/public/js/compiled/out/ensorcel/core.js
Compiling build :dev to "resources/public/js/compiled/ensorcel.js" from ["src/cljs"]...
[32mSuccessfully compiled build :dev to "resources/public/js/compiled/ensorcel.js" in 0.415 seconds.[0m
notifying browser that file changed:  resources/public/js/compiled/out/ensorcel/core.js
Compiling build :dev to "resources/public/js/compiled/ensorcel.js" from ["src/cljs"]...
[32mSuccessfully compiled build :dev to "resources/public/js/compiled/ensorcel.js" in 0.416 seconds.[0m
notifying browser that file changed:  resources/public/js/compiled/out/ensorcel/core.js
Compiling build :dev to "resources/public/js/compiled/ensorcel.js" from ["src/cljs"]...
[32mSuccessfully compiled build :dev to "resources/public/js/compiled/ensorcel.js" in 0.403 seconds.[0m
notifying browser that file changed:  resources/public/js/compiled/out/ensorcel/core.js
